{"/Users/joohyuk/Desktop/project/abba/airbnbAid/app.js": {"path":"/Users/joohyuk/Desktop/project/abba/airbnbAid/app.js","statementMap":{"0":{"start":{"line":1,"column":18},"end":{"line":1,"column":40}},"1":{"start":{"line":2,"column":14},"end":{"line":2,"column":32}},"2":{"start":{"line":3,"column":11},"end":{"line":3,"column":26}},"3":{"start":{"line":4,"column":19},"end":{"line":4,"column":43}},"4":{"start":{"line":5,"column":17},"end":{"line":5,"column":39}},"5":{"start":{"line":6,"column":13},"end":{"line":6,"column":30}},"6":{"start":{"line":7,"column":22},"end":{"line":7,"column":41}},"7":{"start":{"line":9,"column":18},"end":{"line":9,"column":43}},"8":{"start":{"line":10,"column":23},"end":{"line":10,"column":53}},"9":{"start":{"line":12,"column":10},"end":{"line":12,"column":19}},"10":{"start":{"line":19,"column":0},"end":{"line":19,"column":48}},"11":{"start":{"line":20,"column":0},"end":{"line":20,"column":30}},"12":{"start":{"line":22,"column":0},"end":{"line":22,"column":23}},"13":{"start":{"line":23,"column":0},"end":{"line":23,"column":24}},"14":{"start":{"line":24,"column":0},"end":{"line":24,"column":49}},"15":{"start":{"line":25,"column":0},"end":{"line":25,"column":24}},"16":{"start":{"line":26,"column":0},"end":{"line":26,"column":56}},"17":{"start":{"line":28,"column":0},"end":{"line":28,"column":26}},"18":{"start":{"line":29,"column":0},"end":{"line":29,"column":41}},"19":{"start":{"line":31,"column":0},"end":{"line":38,"column":5}},"20":{"start":{"line":34,"column":4},"end":{"line":34,"column":58}},"21":{"start":{"line":37,"column":4},"end":{"line":37,"column":23}},"22":{"start":{"line":42,"column":0},"end":{"line":44,"column":3}},"23":{"start":{"line":43,"column":2},"end":{"line":43,"column":25}},"24":{"start":{"line":47,"column":0},"end":{"line":55,"column":3}},"25":{"start":{"line":49,"column":2},"end":{"line":49,"column":35}},"26":{"start":{"line":50,"column":2},"end":{"line":50,"column":69}},"27":{"start":{"line":53,"column":2},"end":{"line":53,"column":32}},"28":{"start":{"line":54,"column":2},"end":{"line":54,"column":22}},"29":{"start":{"line":57,"column":0},"end":{"line":57,"column":21}}},"fnMap":{"0":{"name":"(anonymous_0)","decl":{"start":{"line":33,"column":8},"end":{"line":33,"column":9}},"loc":{"start":{"line":33,"column":14},"end":{"line":35,"column":3}},"line":33},"1":{"name":"(anonymous_1)","decl":{"start":{"line":36,"column":9},"end":{"line":36,"column":10}},"loc":{"start":{"line":36,"column":20},"end":{"line":38,"column":3}},"line":36},"2":{"name":"(anonymous_2)","decl":{"start":{"line":42,"column":8},"end":{"line":42,"column":9}},"loc":{"start":{"line":42,"column":33},"end":{"line":44,"column":1}},"line":42},"3":{"name":"(anonymous_3)","decl":{"start":{"line":47,"column":8},"end":{"line":47,"column":9}},"loc":{"start":{"line":47,"column":38},"end":{"line":55,"column":1}},"line":47}},"branchMap":{"0":{"loc":{"start":{"line":50,"column":21},"end":{"line":50,"column":68}},"type":"cond-expr","locations":[{"start":{"line":50,"column":60},"end":{"line":50,"column":63}},{"start":{"line":50,"column":66},"end":{"line":50,"column":68}}],"line":50},"1":{"loc":{"start":{"line":53,"column":13},"end":{"line":53,"column":30}},"type":"binary-expr","locations":[{"start":{"line":53,"column":13},"end":{"line":53,"column":23}},{"start":{"line":53,"column":27},"end":{"line":53,"column":30}}],"line":53}},"s":{"0":1,"1":1,"2":1,"3":1,"4":1,"5":1,"6":1,"7":1,"8":1,"9":1,"10":1,"11":1,"12":1,"13":1,"14":1,"15":1,"16":1,"17":1,"18":1,"19":1,"20":1,"21":0,"22":1,"23":0,"24":1,"25":1,"26":1,"27":1,"28":1,"29":1},"f":{"0":1,"1":0,"2":0,"3":1},"b":{"0":[0,1],"1":[1,0]},"_coverageSchema":"1a1c01bbd47fc00a2c39e90264f33305004495a9","hash":"fc81c0dc6e3de6df1b0039a6c071efaac2f80f22"}
,"/Users/joohyuk/Desktop/project/abba/airbnbAid/models/LegalTestResults.js": {"path":"/Users/joohyuk/Desktop/project/abba/airbnbAid/models/LegalTestResults.js","statementMap":{"0":{"start":{"line":4,"column":4},"end":{"line":4,"column":24}},"1":{"start":{"line":5,"column":0},"end":{"line":29,"column":2}},"2":{"start":{"line":16,"column":2},"end":{"line":27,"column":5}},"3":{"start":{"line":28,"column":2},"end":{"line":28,"column":26}}},"fnMap":{"0":{"name":"(anonymous_0)","decl":{"start":{"line":5,"column":17},"end":{"line":5,"column":18}},"loc":{"start":{"line":5,"column":43},"end":{"line":29,"column":1}},"line":5},"1":{"name":"(anonymous_1)","decl":{"start":{"line":12,"column":4},"end":{"line":12,"column":5}},"loc":{"start":{"line":12,"column":29},"end":{"line":14,"column":5}},"line":12}},"branchMap":{},"s":{"0":2,"1":2,"2":2,"3":2},"f":{"0":2,"1":2},"b":{},"_coverageSchema":"1a1c01bbd47fc00a2c39e90264f33305004495a9","hash":"a5f92611e0dfcb1c9d236b16721c0faad46a987d"}
,"/Users/joohyuk/Desktop/project/abba/airbnbAid/models/index.js": {"path":"/Users/joohyuk/Desktop/project/abba/airbnbAid/models/index.js","statementMap":{"0":{"start":{"line":3,"column":11},"end":{"line":3,"column":24}},"1":{"start":{"line":4,"column":13},"end":{"line":4,"column":28}},"2":{"start":{"line":5,"column":18},"end":{"line":5,"column":38}},"3":{"start":{"line":6,"column":17},"end":{"line":6,"column":42}},"4":{"start":{"line":7,"column":12},"end":{"line":7,"column":49}},"5":{"start":{"line":8,"column":15},"end":{"line":8,"column":65}},"6":{"start":{"line":9,"column":11},"end":{"line":9,"column":13}},"7":{"start":{"line":12,"column":0},"end":{"line":16,"column":1}},"8":{"start":{"line":13,"column":2},"end":{"line":13,"column":74}},"9":{"start":{"line":15,"column":2},"end":{"line":15,"column":87}},"10":{"start":{"line":18,"column":0},"end":{"line":26,"column":5}},"11":{"start":{"line":21,"column":4},"end":{"line":21,"column":90}},"12":{"start":{"line":24,"column":18},"end":{"line":24,"column":85}},"13":{"start":{"line":25,"column":4},"end":{"line":25,"column":27}},"14":{"start":{"line":28,"column":0},"end":{"line":32,"column":3}},"15":{"start":{"line":29,"column":2},"end":{"line":31,"column":3}},"16":{"start":{"line":30,"column":4},"end":{"line":30,"column":32}},"17":{"start":{"line":34,"column":0},"end":{"line":34,"column":25}},"18":{"start":{"line":35,"column":0},"end":{"line":35,"column":25}},"19":{"start":{"line":37,"column":0},"end":{"line":37,"column":20}}},"fnMap":{"0":{"name":"(anonymous_0)","decl":{"start":{"line":20,"column":10},"end":{"line":20,"column":11}},"loc":{"start":{"line":20,"column":18},"end":{"line":22,"column":3}},"line":20},"1":{"name":"(anonymous_1)","decl":{"start":{"line":23,"column":11},"end":{"line":23,"column":12}},"loc":{"start":{"line":23,"column":19},"end":{"line":26,"column":3}},"line":23},"2":{"name":"(anonymous_2)","decl":{"start":{"line":28,"column":24},"end":{"line":28,"column":25}},"loc":{"start":{"line":28,"column":37},"end":{"line":32,"column":1}},"line":28}},"branchMap":{"0":{"loc":{"start":{"line":7,"column":12},"end":{"line":7,"column":49}},"type":"binary-expr","locations":[{"start":{"line":7,"column":12},"end":{"line":7,"column":32}},{"start":{"line":7,"column":36},"end":{"line":7,"column":49}}],"line":7},"1":{"loc":{"start":{"line":12,"column":0},"end":{"line":16,"column":1}},"type":"if","locations":[{"start":{"line":12,"column":0},"end":{"line":16,"column":1}},{"start":{"line":14,"column":7},"end":{"line":16,"column":1}}],"line":12},"2":{"loc":{"start":{"line":21,"column":11},"end":{"line":21,"column":89}},"type":"binary-expr","locations":[{"start":{"line":21,"column":12},"end":{"line":21,"column":35}},{"start":{"line":21,"column":41},"end":{"line":21,"column":58}},{"start":{"line":21,"column":64},"end":{"line":21,"column":88}}],"line":21},"3":{"loc":{"start":{"line":29,"column":2},"end":{"line":31,"column":3}},"type":"if","locations":[{"start":{"line":29,"column":2},"end":{"line":31,"column":3}},{"start":{},"end":{}}],"line":29}},"s":{"0":2,"1":2,"2":2,"3":2,"4":2,"5":2,"6":2,"7":2,"8":0,"9":2,"10":2,"11":4,"12":2,"13":2,"14":2,"15":2,"16":2,"17":2,"18":2,"19":2},"f":{"0":4,"1":2,"2":2},"b":{"0":[2,0],"1":[0,2],"2":[4,4,2],"3":[2,0]},"_coverageSchema":"1a1c01bbd47fc00a2c39e90264f33305004495a9","hash":"cd4f4c5256210846bac2a02e43e173194a1f0190"}
,"/Users/joohyuk/Desktop/project/abba/airbnbAid/routes/index.js": {"path":"/Users/joohyuk/Desktop/project/abba/airbnbAid/routes/index.js","statementMap":{"0":{"start":{"line":1,"column":14},"end":{"line":1,"column":32}},"1":{"start":{"line":2,"column":13},"end":{"line":2,"column":29}},"2":{"start":{"line":5,"column":0},"end":{"line":7,"column":3}},"3":{"start":{"line":6,"column":2},"end":{"line":6,"column":44}},"4":{"start":{"line":9,"column":0},"end":{"line":9,"column":24}}},"fnMap":{"0":{"name":"(anonymous_0)","decl":{"start":{"line":5,"column":16},"end":{"line":5,"column":17}},"loc":{"start":{"line":5,"column":41},"end":{"line":7,"column":1}},"line":5}},"branchMap":{},"s":{"0":1,"1":1,"2":1,"3":0,"4":1},"f":{"0":0},"b":{},"_coverageSchema":"1a1c01bbd47fc00a2c39e90264f33305004495a9","hash":"fad0721dfb50c3022c54d34a7ac8fff165a76ecc"}
,"/Users/joohyuk/Desktop/project/abba/airbnbAid/routes/legalCheck.js": {"path":"/Users/joohyuk/Desktop/project/abba/airbnbAid/routes/legalCheck.js","statementMap":{"0":{"start":{"line":1,"column":14},"end":{"line":1,"column":32}},"1":{"start":{"line":2,"column":13},"end":{"line":2,"column":29}},"2":{"start":{"line":4,"column":16},"end":{"line":4,"column":51}},"3":{"start":{"line":6,"column":21},"end":{"line":6,"column":45}},"4":{"start":{"line":13,"column":0},"end":{"line":13,"column":33}},"5":{"start":{"line":15,"column":0},"end":{"line":15,"column":24}}},"fnMap":{},"branchMap":{},"s":{"0":1,"1":1,"2":1,"3":1,"4":1,"5":1},"f":{},"b":{},"_coverageSchema":"1a1c01bbd47fc00a2c39e90264f33305004495a9","hash":"08bbb5721e33718e248e22d12514b97b2c9b4c41"}
,"/Users/joohyuk/Desktop/project/abba/airbnbAid/routes/controllers/legalCheck.js": {"path":"/Users/joohyuk/Desktop/project/abba/airbnbAid/routes/controllers/legalCheck.js","statementMap":{"0":{"start":{"line":1,"column":40},"end":{"line":1,"column":63}},"1":{"start":{"line":2,"column":20},"end":{"line":2,"column":42}},"2":{"start":{"line":8,"column":18},"end":{"line":23,"column":1}},"3":{"start":{"line":9,"column":4},"end":{"line":22,"column":5}},"4":{"start":{"line":10,"column":8},"end":{"line":10,"column":38}},"5":{"start":{"line":11,"column":8},"end":{"line":16,"column":14}},"6":{"start":{"line":17,"column":8},"end":{"line":17,"column":19}},"7":{"start":{"line":20,"column":8},"end":{"line":20,"column":27}},"8":{"start":{"line":21,"column":8},"end":{"line":21,"column":42}},"9":{"start":{"line":25,"column":23},"end":{"line":49,"column":1}},"10":{"start":{"line":26,"column":27},"end":{"line":26,"column":35}},"11":{"start":{"line":28,"column":4},"end":{"line":48,"column":5}},"12":{"start":{"line":29,"column":8},"end":{"line":29,"column":62}},"13":{"start":{"line":31,"column":27},"end":{"line":33,"column":10}},"14":{"start":{"line":34,"column":8},"end":{"line":37,"column":9}},"15":{"start":{"line":35,"column":12},"end":{"line":35,"column":34}},"16":{"start":{"line":36,"column":12},"end":{"line":36,"column":52}},"17":{"start":{"line":39,"column":27},"end":{"line":41,"column":10}},"18":{"start":{"line":42,"column":8},"end":{"line":42,"column":31}},"19":{"start":{"line":43,"column":8},"end":{"line":43,"column":48}},"20":{"start":{"line":46,"column":8},"end":{"line":46,"column":27}},"21":{"start":{"line":47,"column":8},"end":{"line":47,"column":62}},"22":{"start":{"line":51,"column":0},"end":{"line":54,"column":2}}},"fnMap":{"0":{"name":"(anonymous_0)","decl":{"start":{"line":8,"column":18},"end":{"line":8,"column":19}},"loc":{"start":{"line":8,"column":40},"end":{"line":23,"column":1}},"line":8},"1":{"name":"(anonymous_1)","decl":{"start":{"line":25,"column":23},"end":{"line":25,"column":24}},"loc":{"start":{"line":25,"column":49},"end":{"line":49,"column":1}},"line":25}},"branchMap":{"0":{"loc":{"start":{"line":34,"column":8},"end":{"line":37,"column":9}},"type":"if","locations":[{"start":{"line":34,"column":8},"end":{"line":37,"column":9}},{"start":{},"end":{}}],"line":34}},"s":{"0":2,"1":2,"2":2,"3":2,"4":2,"5":2,"6":1,"7":1,"8":1,"9":2,"10":3,"11":3,"12":3,"13":3,"14":2,"15":0,"16":0,"17":2,"18":2,"19":2,"20":1,"21":1,"22":2},"f":{"0":2,"1":3},"b":{"0":[0,2]},"_coverageSchema":"1a1c01bbd47fc00a2c39e90264f33305004495a9","hash":"7ac163008756e607a94155a9734643a1efef21f6"}
}
