TN:
SF:app.js
FN:44,(anonymous_0)
FN:47,(anonymous_1)
FN:53,(anonymous_2)
FN:58,(anonymous_3)
FNF:4
FNH:1
FNDA:1,(anonymous_0)
FNDA:0,(anonymous_1)
FNDA:0,(anonymous_2)
FNDA:0,(anonymous_3)
DA:1,1
DA:2,1
DA:3,1
DA:4,1
DA:5,1
DA:6,1
DA:7,1
DA:8,1
DA:10,1
DA:11,1
DA:13,1
DA:20,1
DA:21,1
DA:23,1
DA:24,0
DA:30,0
DA:33,1
DA:34,1
DA:35,1
DA:36,1
DA:37,1
DA:39,1
DA:40,1
DA:42,1
DA:45,1
DA:48,0
DA:53,1
DA:54,0
DA:58,1
DA:60,0
DA:61,0
DA:64,0
DA:65,0
DA:68,1
LF:34
LH:26
BRDA:23,0,0,0
BRDA:23,0,1,1
BRDA:61,1,0,0
BRDA:61,1,1,0
BRDA:64,2,0,0
BRDA:64,2,1,0
BRF:6
BRH:1
end_of_record
TN:
SF:config/config.js
FNF:0
FNH:0
DA:1,2
DA:3,2
LF:2
LH:2
BRF:0
BRH:0
end_of_record
TN:
SF:middlewares/imgUpload.js
FN:19,(anonymous_0)
FNF:1
FNH:0
FNDA:0,(anonymous_0)
DA:1,1
DA:2,1
DA:3,1
DA:4,1
DA:5,1
DA:6,1
DA:8,1
DA:14,1
DA:20,0
DA:26,1
DA:29,1
LF:11
LH:10
BRF:0
BRH:0
end_of_record
TN:
SF:models/LegalTestResults.js
FN:5,(anonymous_0)
FN:12,(anonymous_1)
FNF:2
FNH:2
FNDA:2,(anonymous_0)
FNDA:2,(anonymous_1)
DA:4,2
DA:5,2
DA:16,2
DA:33,2
LF:4
LH:4
BRF:0
BRH:0
end_of_record
TN:
SF:models/index.js
FN:20,(anonymous_0)
FN:23,(anonymous_1)
FN:28,(anonymous_2)
FNF:3
FNH:3
FNDA:6,(anonymous_0)
FNDA:4,(anonymous_1)
FNDA:4,(anonymous_2)
DA:3,2
DA:4,2
DA:5,2
DA:6,2
DA:7,2
DA:8,2
DA:9,2
DA:12,2
DA:13,0
DA:15,2
DA:18,2
DA:21,6
DA:24,4
DA:25,4
DA:28,2
DA:29,4
DA:30,4
DA:34,2
DA:35,2
DA:37,2
LF:20
LH:19
BRDA:7,0,0,2
BRDA:7,0,1,0
BRDA:12,1,0,0
BRDA:12,1,1,2
BRDA:21,2,0,6
BRDA:21,2,1,6
BRDA:21,2,2,4
BRDA:29,3,0,4
BRDA:29,3,1,0
BRF:9
BRH:6
end_of_record
TN:
SF:models/reports.js
FN:5,(anonymous_0)
FN:12,(anonymous_1)
FNF:2
FNH:2
FNDA:2,(anonymous_0)
FNDA:2,(anonymous_1)
DA:4,2
DA:5,2
DA:16,2
DA:24,2
LF:4
LH:4
BRF:0
BRH:0
end_of_record
TN:
SF:routes/index.js
FN:5,(anonymous_0)
FN:9,(anonymous_1)
FNF:2
FNH:0
FNDA:0,(anonymous_0)
FNDA:0,(anonymous_1)
DA:1,1
DA:2,1
DA:5,1
DA:6,0
DA:9,1
DA:10,0
DA:13,1
DA:14,1
DA:16,1
DA:17,1
DA:20,1
LF:11
LH:9
BRF:0
BRH:0
end_of_record
TN:
SF:routes/legalCheck.js
FN:12,(anonymous_0)
FNF:1
FNH:0
FNDA:0,(anonymous_0)
DA:1,1
DA:2,1
DA:4,1
DA:5,1
DA:12,1
DA:13,0
DA:16,1
DA:18,1
LF:8
LH:7
BRF:0
BRH:0
end_of_record
TN:
SF:routes/report.js
FN:8,(anonymous_0)
FNF:1
FNH:0
FNDA:0,(anonymous_0)
DA:1,1
DA:2,1
DA:3,1
DA:5,1
DA:6,1
DA:8,1
DA:9,0
DA:12,1
DA:14,1
LF:9
LH:8
BRF:0
BRH:0
end_of_record
TN:
SF:routes/constants/calcTypes.js
FNF:0
FNH:0
DA:1,2
DA:14,2
LF:2
LH:2
BRF:0
BRH:0
end_of_record
TN:
SF:routes/controllers/legalCheck.js
FN:9,(anonymous_0)
FN:28,(anonymous_1)
FN:72,(anonymous_2)
FNF:3
FNH:3
FNDA:4,(anonymous_0)
FNDA:4,(anonymous_1)
FNDA:2,(anonymous_2)
DA:1,2
DA:2,2
DA:3,2
DA:4,2
DA:9,2
DA:10,4
DA:11,4
DA:12,4
DA:18,3
DA:21,1
DA:22,1
DA:28,2
DA:29,4
DA:33,4
DA:34,1
DA:36,3
DA:37,0
DA:39,3
DA:40,0
DA:42,3
DA:43,0
DA:45,3
DA:46,0
DA:48,3
DA:49,0
DA:51,3
DA:52,0
DA:54,3
DA:55,0
DA:57,3
DA:58,1
DA:60,2
DA:61,0
DA:65,0
DA:66,0
DA:72,2
DA:74,2
DA:75,2
DA:76,2
DA:77,2
DA:79,2
DA:80,2
DA:82,2
DA:85,2
DA:86,1
DA:89,1
DA:90,1
DA:94,1
DA:95,0
DA:99,1
DA:107,1
DA:108,1
DA:111,0
DA:112,0
DA:116,2
LF:55
LH:42
BRDA:33,0,0,1
BRDA:33,0,1,3
BRDA:36,1,0,0
BRDA:36,1,1,3
BRDA:39,2,0,0
BRDA:39,2,1,3
BRDA:42,3,0,0
BRDA:42,3,1,3
BRDA:45,4,0,0
BRDA:45,4,1,3
BRDA:48,5,0,0
BRDA:48,5,1,3
BRDA:51,6,0,0
BRDA:51,6,1,3
BRDA:54,7,0,0
BRDA:54,7,1,3
BRDA:57,8,0,1
BRDA:57,8,1,2
BRDA:60,9,0,0
BRDA:60,9,1,2
BRDA:85,10,0,1
BRDA:85,10,1,1
BRDA:94,11,0,0
BRDA:94,11,1,1
BRF:24
BRH:15
end_of_record
TN:
SF:routes/controllers/report.js
FN:6,(anonymous_0)
FNF:1
FNH:0
FNDA:0,(anonymous_0)
DA:1,1
DA:2,1
DA:3,1
DA:4,1
DA:6,1
DA:7,0
DA:8,0
DA:9,0
DA:10,0
DA:12,0
DA:18,0
DA:21,0
DA:22,0
DA:27,1
LF:14
LH:6
BRF:0
BRH:0
end_of_record
